[debug] [2024-10-01T07:42:40.850Z] ----------------------------------------------------------------------
[debug] [2024-10-01T07:42:40.852Z] Command:       C:\Program Files\nodejs\node.exe C:\Users\micha\sites\michaelpuckett-engineer\node_modules\firebase-tools\lib\bin\firebase.js deploy
[debug] [2024-10-01T07:42:40.852Z] CLI Version:   13.18.0
[debug] [2024-10-01T07:42:40.852Z] Platform:      win32
[debug] [2024-10-01T07:42:40.852Z] Node Version:  v18.20.2
[debug] [2024-10-01T07:42:40.853Z] Time:          Tue Oct 01 2024 03:42:40 GMT-0400 (Eastern Daylight Time)
[debug] [2024-10-01T07:42:40.853Z] ----------------------------------------------------------------------
[debug] 
[debug] [2024-10-01T07:42:40.855Z] >>> [apiv2][query] GET https://firebase-public.firebaseio.com/cli.json [none]
[debug] [2024-10-01T07:42:40.939Z] > command requires scopes: ["email","openid","https://www.googleapis.com/auth/cloudplatformprojects.readonly","https://www.googleapis.com/auth/firebase","https://www.googleapis.com/auth/cloud-platform"]
[debug] [2024-10-01T07:42:40.940Z] > authorizing via signed-in user (michaelcpuckett@gmail.com)
[debug] [2024-10-01T07:42:40.940Z] [iam] checking project pickpuck-com for permissions ["firebase.projects.get","firebasehosting.sites.update"]
[debug] [2024-10-01T07:42:40.941Z] > refreshing access token with scopes: []
[debug] [2024-10-01T07:42:40.942Z] >>> [apiv2][query] POST https://www.googleapis.com/oauth2/v3/token [none]
[debug] [2024-10-01T07:42:40.942Z] >>> [apiv2][body] POST https://www.googleapis.com/oauth2/v3/token [omitted]
[debug] [2024-10-01T07:43:01.972Z] *** [apiv2] error from fetch(https://firebase-public.firebaseio.com/cli.json, {"headers":{},"method":"GET"}): FetchError: request to https://firebase-public.firebaseio.com/cli.json failed, reason: connect ETIMEDOUT 2600:1901:0:4d00:::443
[warn] !  Unable to fetch the CLI MOTD and remote config. This is not a fatal error, but may indicate an issue with your network connection. 
[debug] [2024-10-01T07:43:01.974Z] Failed to fetch MOTD FirebaseError: Failed to make request to https://firebase-public.firebaseio.com/cli.json
[debug] [2024-10-01T07:43:02.015Z] *** [apiv2] error from fetch(https://www.googleapis.com/oauth2/v3/token, {"headers":{},"method":"POST","body":{"_overheadLength":545,"_valueLength":212,"_valuesToMeasure":[],"writable":false,"readable":true,"dataSize":0,"maxDataSize":2097152,"pauseStreams":true,"_released":true,"_streams":[],"_currentStream":null,"_insideLoop":false,"_pendingNext":false,"_boundary":"--------------------------319358637653261945794481","_events":{},"_eventsCount":1}}): FetchError: request to https://www.googleapis.com/oauth2/v3/token failed, reason: connect ETIMEDOUT 2607:f8b0:4009:803::200a:443
[debug] [2024-10-01T07:43:02.016Z] [iam] error while checking permissions, command may fail: FirebaseError: Authentication Error: Your credentials are no longer valid. Please run firebase login --reauth

For CI servers and headless environments, generate a new token with firebase login:ci
[debug] [2024-10-01T07:43:02.016Z] > refreshing access token with scopes: []
[debug] [2024-10-01T07:43:02.017Z] >>> [apiv2][query] POST https://www.googleapis.com/oauth2/v3/token [none]
[debug] [2024-10-01T07:43:02.017Z] >>> [apiv2][body] POST https://www.googleapis.com/oauth2/v3/token [omitted]
[debug] [2024-10-01T07:43:23.057Z] *** [apiv2] error from fetch(https://www.googleapis.com/oauth2/v3/token, {"headers":{},"method":"POST","body":{"_overheadLength":545,"_valueLength":212,"_valuesToMeasure":[],"writable":false,"readable":true,"dataSize":0,"maxDataSize":2097152,"pauseStreams":true,"_released":true,"_streams":[],"_currentStream":null,"_insideLoop":false,"_pendingNext":false,"_boundary":"--------------------------493632150405801914552749","_events":{},"_eventsCount":1}}): FetchError: request to https://www.googleapis.com/oauth2/v3/token failed, reason: connect ETIMEDOUT 2607:f8b0:4009:803::200a:443
[debug] [2024-10-01T07:43:23.058Z] Authentication Error: Your credentials are no longer valid. Please run firebase login --reauth

For CI servers and headless environments, generate a new token with firebase login:ci
[error] 
[error] Error: Assertion failed: resolving hosting target of a site with no site name or target name. This should have caused an error earlier
